BUILD LOG
---------
Build Time: 2015-08-04T14:33:19+0530

NODEJS INFORMATION
==================
nodejs: v0.12.7
del: 1.2.0
gulp: 3.9.0
gulp-rename: 1.2.2
gulp-replace: 0.5.3
gulp-vulcanize: 6.0.1
run-sequence: 1.1.2
gulp-audit: 1.0.0
lazypipe: 0.2.4
polyclean: 1.2.0

REPO REVISIONS
==============
polymer: 54fa093a7fb3c135ed5eb10e999e506f76acf1ea

BUILD HASHES
============
polymer-mini.html: a924bf54170d0996eb3bad021bc3fd3c065f0bb3
polymer-micro.html: a8c50d61878b723e669089d595122205a453a74a
polymer.html: e2188bf09c4f27404391d9861ba239eba220ac47